<?xml version="1.0" encoding="UTF-8"?>
<testng-results skipped="0" failed="0" ignored="0" total="1" passed="1">
  <reporter-output>
  </reporter-output>
  <suite name="Default suite" duration-ms="12008" started-at="2019-04-15T09:31:09Z" finished-at="2019-04-15T09:31:21Z">
    <groups>
    </groups>
    <test name="Default test" duration-ms="12008" started-at="2019-04-15T09:31:09Z" finished-at="2019-04-15T09:31:21Z">
      <class name="com.demo.TestDemo">
        <test-method status="PASS" signature="setEnv()[pri:0, instance:com.demo.TestDemo@46d56d67]" name="setEnv" is-config="true" duration-ms="11983" started-at="2019-04-15T09:31:09Z" finished-at="2019-04-15T09:31:21Z">
          <reporter-output>
          </reporter-output>
        </test-method> <!-- setEnv -->
        <test-method status="PASS" signature="userTest()[pri:0, instance:com.demo.TestDemo@46d56d67]" name="userTest" duration-ms="6" started-at="2019-04-15T09:31:21Z" finished-at="2019-04-15T09:31:21Z">
          <reporter-output>
          </reporter-output>
        </test-method> <!-- userTest -->
      </class> <!-- com.demo.TestDemo -->
    </test> <!-- Default test -->
  </suite> <!-- Default suite -->
</testng-results>
